Terminals unused in grammar

   BACKSL
   INTEGER
   NEWLINE


State 7 conflicts: 2 shift/reduce
State 11 conflicts: 2 shift/reduce
State 30 conflicts: 2 shift/reduce
State 58 conflicts: 2 shift/reduce
State 82 conflicts: 5 reduce/reduce


Grammar

    0 $accept: latexstatement $end

    1 latexstatement: startdoc mainbody enddoc

    2 startdoc: LBEGIN DOCUMENT

    3 enddoc: END DOCUMENT

    4 mainbody: mainbody mainoption
    5         | mainoption

    6 mainoption: textoption
    7           | commentoption
    8           | latexoptions

    9 textoption: textoption wsorword
   10           | wsorword

   11 wsorword: WS
   12         | WORD

   13 commentoption: SPECCHAR textoption

   14 latexoptions: backsoptions
   15             | LCURLYB curlyboptions RCURLYB

   16 curlyboptions: RM textoption
   17              | IT textoption

   18 backsoptions: beginendopts
   19             | sectionoptions
   20             | tableofcont
   21             | linespacing
   22             | pagenumbers
   23             | pagenuminit
   24             | spacing
   25             | fonts
   26             | specialchar
   27             | nonewpara
   28             | reference

   29 beginendopts: LBEGIN begcmds beginblock endbegin

   30 begcmds: CENTER
   31        | VERBATIM
   32        | SINGLE
   33        | ITEMIZE
   34        | ENUMERATE
   35        | TABLE begtableopts
   36        | TABULAR begtabularopts

   37 endbegin: END endcmds
   38         | endtableopts TABLE
   39         | EXITVERB

   40 endcmds: CENTER
   41        | VERBATIM
   42        | SINGLE
   43        | ITEMIZE
   44        | ENUMERATE
   45        | TABULAR

   46 beginblock: beginendopts
   47           | textoption
   48           | entrylist
   49           | listblock

   50 listblock: listblock anitem
   51          | anitem

   52 anitem: ITEM textoption
   53       | beginendopts

   54 entrylist: entrylist anentry
   55          | anentry

   56 anentry: entry DBLBS
   57        | beginendopts

   58 entry: entry SPECCHAR textoption
   59      | textoption

   60 begtableopts: LSQRB position RSQRB

   61 $@1: /* empty */

   62 begtabularopts: LCURLYB COLS $@1 RCURLYB

   63 position: H
   64         | T
   65         | B

   66 endtableopts: END
   67             | CAPTION LCURLYB textoption RCURLYB captionrest
   68             | labelrest

   69 captionrest: END
   70            | labelrest

   71 labelrest: LABEL LCURLYB WORD RCURLYB END

   72 sectionoptions: SECTION LCURLYB textoption RCURLYB
   73               | SUBSEC LCURLYB textoption RCURLYB

   74 tableofcont: TABOCON

   75 $@2: /* empty */

   76 linespacing: RENEW LCURLYB BASELINES RCURLYB LCURLYB WORD $@2 RCURLYB

   77 pagenumbers: PAGENUM style2

   78 style2: ARABIC2
   79       | LROMAN2
   80       | CROMAN2
   81       | LALPH2
   82       | CALPH2

   83 $@3: /* empty */

   84 pagenuminit: style1 LCURLYB WORD $@3 RCURLYB

   85 style1: ARABIC1
   86       | LROMAN1
   87       | CROMAN1
   88       | LALPH1
   89       | CALPH1

   90 $@4: /* empty */

   91 spacing: VSPACE LCURLYB WORD $@4 RCURLYB

   92 $@5: /* empty */

   93 spacing: HSPACE LCURLYB WORD $@5 RCURLYB

   94 fonts: RM
   95      | IT

   96 specialchar: SPECCHAR
   97            | LCURLYB
   98            | RCURLYB

   99 nonewpara: NOINDENT

  100 reference: REF LCURLYB WORD RCURLYB


Terminals, with rules where they appear

$end (0) 0
error (256)
BACKSL (258)
LBEGIN (259) 2 29
LCURLYB (260) 15 62 67 71 72 73 76 84 91 93 97 100
DOCUMENT (261) 2 3
RCURLYB (262) 15 62 67 71 72 73 76 84 91 93 98 100
END (263) 3 37 66 69 71
WORD (264) 12 71 76 84 91 93 100
WS (265) 11
SPECCHAR (266) 13 58 96
CENTER (267) 30 40
VERBATIM (268) 31 41
SINGLE (269) 32 42
ITEMIZE (270) 33 43
ENUMERATE (271) 34 44
TABULAR (272) 36 45
TABLE (273) 35 38
LSQRB (274) 60
RSQRB (275) 60
H (276) 63
T (277) 64
B (278) 65
COLS (279) 62
CAPTION (280) 67
LABEL (281) 71
DBLBS (282) 56
ITEM (283) 52
SECTION (284) 72
SUBSEC (285) 73
TABOCON (286) 74
RENEW (287) 76
BASELINES (288) 76
PAGENUM (289) 77
INTEGER (290)
ARABIC1 (291) 85
LROMAN1 (292) 86
CROMAN1 (293) 87
LALPH1 (294) 88
CALPH1 (295) 89
VSPACE (296) 91
HSPACE (297) 93
RM (298) 16 94
IT (299) 17 95
NOINDENT (300) 99
REF (301) 100
ARABIC2 (302) 78
LROMAN2 (303) 79
CROMAN2 (304) 80
LALPH2 (305) 81
CALPH2 (306) 82
NEWLINE (307)
EXITVERB (308) 39


Nonterminals, with rules where they appear

$accept (54)
    on left: 0
latexstatement (55)
    on left: 1, on right: 0
startdoc (56)
    on left: 2, on right: 1
enddoc (57)
    on left: 3, on right: 1
mainbody (58)
    on left: 4 5, on right: 1 4
mainoption (59)
    on left: 6 7 8, on right: 4 5
textoption (60)
    on left: 9 10, on right: 6 9 13 16 17 47 52 58 59 67 72 73
wsorword (61)
    on left: 11 12, on right: 9 10
commentoption (62)
    on left: 13, on right: 7
latexoptions (63)
    on left: 14 15, on right: 8
curlyboptions (64)
    on left: 16 17, on right: 15
backsoptions (65)
    on left: 18 19 20 21 22 23 24 25 26 27 28, on right: 14
beginendopts (66)
    on left: 29, on right: 18 46 53 57
begcmds (67)
    on left: 30 31 32 33 34 35 36, on right: 29
endbegin (68)
    on left: 37 38 39, on right: 29
endcmds (69)
    on left: 40 41 42 43 44 45, on right: 37
beginblock (70)
    on left: 46 47 48 49, on right: 29
listblock (71)
    on left: 50 51, on right: 49 50
anitem (72)
    on left: 52 53, on right: 50 51
entrylist (73)
    on left: 54 55, on right: 48 54
anentry (74)
    on left: 56 57, on right: 54 55
entry (75)
    on left: 58 59, on right: 56 58
begtableopts (76)
    on left: 60, on right: 35
begtabularopts (77)
    on left: 62, on right: 36
$@1 (78)
    on left: 61, on right: 62
position (79)
    on left: 63 64 65, on right: 60
endtableopts (80)
    on left: 66 67 68, on right: 38
captionrest (81)
    on left: 69 70, on right: 67
labelrest (82)
    on left: 71, on right: 68 70
sectionoptions (83)
    on left: 72 73, on right: 19
tableofcont (84)
    on left: 74, on right: 20
linespacing (85)
    on left: 76, on right: 21
$@2 (86)
    on left: 75, on right: 76
pagenumbers (87)
    on left: 77, on right: 22
style2 (88)
    on left: 78 79 80 81 82, on right: 77
pagenuminit (89)
    on left: 84, on right: 23
$@3 (90)
    on left: 83, on right: 84
style1 (91)
    on left: 85 86 87 88 89, on right: 84
spacing (92)
    on left: 91 93, on right: 24
$@4 (93)
    on left: 90, on right: 91
$@5 (94)
    on left: 92, on right: 93
fonts (95)
    on left: 94 95, on right: 25
specialchar (96)
    on left: 96 97 98, on right: 26
nonewpara (97)
    on left: 99, on right: 27
reference (98)
    on left: 100, on right: 28


state 0

    0 $accept: . latexstatement $end

    LBEGIN  shift, and go to state 1

    latexstatement  go to state 2
    startdoc        go to state 3


state 1

    2 startdoc: LBEGIN . DOCUMENT

    DOCUMENT  shift, and go to state 4


state 2

    0 $accept: latexstatement . $end

    $end  shift, and go to state 5


state 3

    1 latexstatement: startdoc . mainbody enddoc

    LBEGIN    shift, and go to state 6
    LCURLYB   shift, and go to state 7
    RCURLYB   shift, and go to state 8
    WORD      shift, and go to state 9
    WS        shift, and go to state 10
    SPECCHAR  shift, and go to state 11
    SECTION   shift, and go to state 12
    SUBSEC    shift, and go to state 13
    TABOCON   shift, and go to state 14
    RENEW     shift, and go to state 15
    PAGENUM   shift, and go to state 16
    ARABIC1   shift, and go to state 17
    LROMAN1   shift, and go to state 18
    CROMAN1   shift, and go to state 19
    LALPH1    shift, and go to state 20
    CALPH1    shift, and go to state 21
    VSPACE    shift, and go to state 22
    HSPACE    shift, and go to state 23
    RM        shift, and go to state 24
    IT        shift, and go to state 25
    NOINDENT  shift, and go to state 26
    REF       shift, and go to state 27

    mainbody        go to state 28
    mainoption      go to state 29
    textoption      go to state 30
    wsorword        go to state 31
    commentoption   go to state 32
    latexoptions    go to state 33
    backsoptions    go to state 34
    beginendopts    go to state 35
    sectionoptions  go to state 36
    tableofcont     go to state 37
    linespacing     go to state 38
    pagenumbers     go to state 39
    pagenuminit     go to state 40
    style1          go to state 41
    spacing         go to state 42
    fonts           go to state 43
    specialchar     go to state 44
    nonewpara       go to state 45
    reference       go to state 46


state 4

    2 startdoc: LBEGIN DOCUMENT .

    $default  reduce using rule 2 (startdoc)


state 5

    0 $accept: latexstatement $end .

    $default  accept


state 6

   29 beginendopts: LBEGIN . begcmds beginblock endbegin

    CENTER     shift, and go to state 47
    VERBATIM   shift, and go to state 48
    SINGLE     shift, and go to state 49
    ITEMIZE    shift, and go to state 50
    ENUMERATE  shift, and go to state 51
    TABULAR    shift, and go to state 52
    TABLE      shift, and go to state 53

    begcmds  go to state 54


state 7

   15 latexoptions: LCURLYB . curlyboptions RCURLYB
   97 specialchar: LCURLYB .

    RM  shift, and go to state 55
    IT  shift, and go to state 56

    RM        [reduce using rule 97 (specialchar)]
    IT        [reduce using rule 97 (specialchar)]
    $default  reduce using rule 97 (specialchar)

    curlyboptions  go to state 57


state 8

   98 specialchar: RCURLYB .

    $default  reduce using rule 98 (specialchar)


state 9

   12 wsorword: WORD .

    $default  reduce using rule 12 (wsorword)


state 10

   11 wsorword: WS .

    $default  reduce using rule 11 (wsorword)


state 11

   13 commentoption: SPECCHAR . textoption
   96 specialchar: SPECCHAR .

    WORD  shift, and go to state 9
    WS    shift, and go to state 10

    WORD      [reduce using rule 96 (specialchar)]
    WS        [reduce using rule 96 (specialchar)]
    $default  reduce using rule 96 (specialchar)

    textoption  go to state 58
    wsorword    go to state 31


state 12

   72 sectionoptions: SECTION . LCURLYB textoption RCURLYB

    LCURLYB  shift, and go to state 59


state 13

   73 sectionoptions: SUBSEC . LCURLYB textoption RCURLYB

    LCURLYB  shift, and go to state 60


state 14

   74 tableofcont: TABOCON .

    $default  reduce using rule 74 (tableofcont)


state 15

   76 linespacing: RENEW . LCURLYB BASELINES RCURLYB LCURLYB WORD $@2 RCURLYB

    LCURLYB  shift, and go to state 61


state 16

   77 pagenumbers: PAGENUM . style2

    ARABIC2  shift, and go to state 62
    LROMAN2  shift, and go to state 63
    CROMAN2  shift, and go to state 64
    LALPH2   shift, and go to state 65
    CALPH2   shift, and go to state 66

    style2  go to state 67


state 17

   85 style1: ARABIC1 .

    $default  reduce using rule 85 (style1)


state 18

   86 style1: LROMAN1 .

    $default  reduce using rule 86 (style1)


state 19

   87 style1: CROMAN1 .

    $default  reduce using rule 87 (style1)


state 20

   88 style1: LALPH1 .

    $default  reduce using rule 88 (style1)


state 21

   89 style1: CALPH1 .

    $default  reduce using rule 89 (style1)


state 22

   91 spacing: VSPACE . LCURLYB WORD $@4 RCURLYB

    LCURLYB  shift, and go to state 68


state 23

   93 spacing: HSPACE . LCURLYB WORD $@5 RCURLYB

    LCURLYB  shift, and go to state 69


state 24

   94 fonts: RM .

    $default  reduce using rule 94 (fonts)


state 25

   95 fonts: IT .

    $default  reduce using rule 95 (fonts)


state 26

   99 nonewpara: NOINDENT .

    $default  reduce using rule 99 (nonewpara)


state 27

  100 reference: REF . LCURLYB WORD RCURLYB

    LCURLYB  shift, and go to state 70


state 28

    1 latexstatement: startdoc mainbody . enddoc
    4 mainbody: mainbody . mainoption

    LBEGIN    shift, and go to state 6
    LCURLYB   shift, and go to state 7
    RCURLYB   shift, and go to state 8
    END       shift, and go to state 71
    WORD      shift, and go to state 9
    WS        shift, and go to state 10
    SPECCHAR  shift, and go to state 11
    SECTION   shift, and go to state 12
    SUBSEC    shift, and go to state 13
    TABOCON   shift, and go to state 14
    RENEW     shift, and go to state 15
    PAGENUM   shift, and go to state 16
    ARABIC1   shift, and go to state 17
    LROMAN1   shift, and go to state 18
    CROMAN1   shift, and go to state 19
    LALPH1    shift, and go to state 20
    CALPH1    shift, and go to state 21
    VSPACE    shift, and go to state 22
    HSPACE    shift, and go to state 23
    RM        shift, and go to state 24
    IT        shift, and go to state 25
    NOINDENT  shift, and go to state 26
    REF       shift, and go to state 27

    enddoc          go to state 72
    mainoption      go to state 73
    textoption      go to state 30
    wsorword        go to state 31
    commentoption   go to state 32
    latexoptions    go to state 33
    backsoptions    go to state 34
    beginendopts    go to state 35
    sectionoptions  go to state 36
    tableofcont     go to state 37
    linespacing     go to state 38
    pagenumbers     go to state 39
    pagenuminit     go to state 40
    style1          go to state 41
    spacing         go to state 42
    fonts           go to state 43
    specialchar     go to state 44
    nonewpara       go to state 45
    reference       go to state 46


state 29

    5 mainbody: mainoption .

    $default  reduce using rule 5 (mainbody)


state 30

    6 mainoption: textoption .
    9 textoption: textoption . wsorword

    WORD  shift, and go to state 9
    WS    shift, and go to state 10

    WORD      [reduce using rule 6 (mainoption)]
    WS        [reduce using rule 6 (mainoption)]
    $default  reduce using rule 6 (mainoption)

    wsorword  go to state 74


state 31

   10 textoption: wsorword .

    $default  reduce using rule 10 (textoption)


state 32

    7 mainoption: commentoption .

    $default  reduce using rule 7 (mainoption)


state 33

    8 mainoption: latexoptions .

    $default  reduce using rule 8 (mainoption)


state 34

   14 latexoptions: backsoptions .

    $default  reduce using rule 14 (latexoptions)


state 35

   18 backsoptions: beginendopts .

    $default  reduce using rule 18 (backsoptions)


state 36

   19 backsoptions: sectionoptions .

    $default  reduce using rule 19 (backsoptions)


state 37

   20 backsoptions: tableofcont .

    $default  reduce using rule 20 (backsoptions)


state 38

   21 backsoptions: linespacing .

    $default  reduce using rule 21 (backsoptions)


state 39

   22 backsoptions: pagenumbers .

    $default  reduce using rule 22 (backsoptions)


state 40

   23 backsoptions: pagenuminit .

    $default  reduce using rule 23 (backsoptions)


state 41

   84 pagenuminit: style1 . LCURLYB WORD $@3 RCURLYB

    LCURLYB  shift, and go to state 75


state 42

   24 backsoptions: spacing .

    $default  reduce using rule 24 (backsoptions)


state 43

   25 backsoptions: fonts .

    $default  reduce using rule 25 (backsoptions)


state 44

   26 backsoptions: specialchar .

    $default  reduce using rule 26 (backsoptions)


state 45

   27 backsoptions: nonewpara .

    $default  reduce using rule 27 (backsoptions)


state 46

   28 backsoptions: reference .

    $default  reduce using rule 28 (backsoptions)


state 47

   30 begcmds: CENTER .

    $default  reduce using rule 30 (begcmds)


state 48

   31 begcmds: VERBATIM .

    $default  reduce using rule 31 (begcmds)


state 49

   32 begcmds: SINGLE .

    $default  reduce using rule 32 (begcmds)


state 50

   33 begcmds: ITEMIZE .

    $default  reduce using rule 33 (begcmds)


state 51

   34 begcmds: ENUMERATE .

    $default  reduce using rule 34 (begcmds)


state 52

   36 begcmds: TABULAR . begtabularopts

    LCURLYB  shift, and go to state 76

    begtabularopts  go to state 77


state 53

   35 begcmds: TABLE . begtableopts

    LSQRB  shift, and go to state 78

    begtableopts  go to state 79


state 54

   29 beginendopts: LBEGIN begcmds . beginblock endbegin

    LBEGIN  shift, and go to state 6
    WORD    shift, and go to state 9
    WS      shift, and go to state 10
    ITEM    shift, and go to state 80

    textoption    go to state 81
    wsorword      go to state 31
    beginendopts  go to state 82
    beginblock    go to state 83
    listblock     go to state 84
    anitem        go to state 85
    entrylist     go to state 86
    anentry       go to state 87
    entry         go to state 88


state 55

   16 curlyboptions: RM . textoption

    WORD  shift, and go to state 9
    WS    shift, and go to state 10

    textoption  go to state 89
    wsorword    go to state 31


state 56

   17 curlyboptions: IT . textoption

    WORD  shift, and go to state 9
    WS    shift, and go to state 10

    textoption  go to state 90
    wsorword    go to state 31


state 57

   15 latexoptions: LCURLYB curlyboptions . RCURLYB

    RCURLYB  shift, and go to state 91


state 58

    9 textoption: textoption . wsorword
   13 commentoption: SPECCHAR textoption .

    WORD  shift, and go to state 9
    WS    shift, and go to state 10

    WORD      [reduce using rule 13 (commentoption)]
    WS        [reduce using rule 13 (commentoption)]
    $default  reduce using rule 13 (commentoption)

    wsorword  go to state 74


state 59

   72 sectionoptions: SECTION LCURLYB . textoption RCURLYB

    WORD  shift, and go to state 9
    WS    shift, and go to state 10

    textoption  go to state 92
    wsorword    go to state 31


state 60

   73 sectionoptions: SUBSEC LCURLYB . textoption RCURLYB

    WORD  shift, and go to state 9
    WS    shift, and go to state 10

    textoption  go to state 93
    wsorword    go to state 31


state 61

   76 linespacing: RENEW LCURLYB . BASELINES RCURLYB LCURLYB WORD $@2 RCURLYB

    BASELINES  shift, and go to state 94


state 62

   78 style2: ARABIC2 .

    $default  reduce using rule 78 (style2)


state 63

   79 style2: LROMAN2 .

    $default  reduce using rule 79 (style2)


state 64

   80 style2: CROMAN2 .

    $default  reduce using rule 80 (style2)


state 65

   81 style2: LALPH2 .

    $default  reduce using rule 81 (style2)


state 66

   82 style2: CALPH2 .

    $default  reduce using rule 82 (style2)


state 67

   77 pagenumbers: PAGENUM style2 .

    $default  reduce using rule 77 (pagenumbers)


state 68

   91 spacing: VSPACE LCURLYB . WORD $@4 RCURLYB

    WORD  shift, and go to state 95


state 69

   93 spacing: HSPACE LCURLYB . WORD $@5 RCURLYB

    WORD  shift, and go to state 96


state 70

  100 reference: REF LCURLYB . WORD RCURLYB

    WORD  shift, and go to state 97


state 71

    3 enddoc: END . DOCUMENT

    DOCUMENT  shift, and go to state 98


state 72

    1 latexstatement: startdoc mainbody enddoc .

    $default  reduce using rule 1 (latexstatement)


state 73

    4 mainbody: mainbody mainoption .

    $default  reduce using rule 4 (mainbody)


state 74

    9 textoption: textoption wsorword .

    $default  reduce using rule 9 (textoption)


state 75

   84 pagenuminit: style1 LCURLYB . WORD $@3 RCURLYB

    WORD  shift, and go to state 99


state 76

   62 begtabularopts: LCURLYB . COLS $@1 RCURLYB

    COLS  shift, and go to state 100


state 77

   36 begcmds: TABULAR begtabularopts .

    $default  reduce using rule 36 (begcmds)


state 78

   60 begtableopts: LSQRB . position RSQRB

    H  shift, and go to state 101
    T  shift, and go to state 102
    B  shift, and go to state 103

    position  go to state 104


state 79

   35 begcmds: TABLE begtableopts .

    $default  reduce using rule 35 (begcmds)


state 80

   52 anitem: ITEM . textoption

    WORD  shift, and go to state 9
    WS    shift, and go to state 10

    textoption  go to state 105
    wsorword    go to state 31


state 81

    9 textoption: textoption . wsorword
   47 beginblock: textoption .
   59 entry: textoption .

    WORD  shift, and go to state 9
    WS    shift, and go to state 10

    SPECCHAR  reduce using rule 59 (entry)
    DBLBS     reduce using rule 59 (entry)
    $default  reduce using rule 47 (beginblock)

    wsorword  go to state 74


state 82

   46 beginblock: beginendopts .
   53 anitem: beginendopts .
   57 anentry: beginendopts .

    LBEGIN    reduce using rule 53 (anitem)
    LBEGIN    [reduce using rule 57 (anentry)]
    END       reduce using rule 46 (beginblock)
    END       [reduce using rule 53 (anitem)]
    END       [reduce using rule 57 (anentry)]
    WORD      reduce using rule 57 (anentry)
    WS        reduce using rule 57 (anentry)
    CAPTION   reduce using rule 46 (beginblock)
    CAPTION   [reduce using rule 53 (anitem)]
    CAPTION   [reduce using rule 57 (anentry)]
    LABEL     reduce using rule 46 (beginblock)
    LABEL     [reduce using rule 53 (anitem)]
    LABEL     [reduce using rule 57 (anentry)]
    ITEM      reduce using rule 53 (anitem)
    EXITVERB  reduce using rule 46 (beginblock)
    EXITVERB  [reduce using rule 53 (anitem)]
    EXITVERB  [reduce using rule 57 (anentry)]
    $default  reduce using rule 46 (beginblock)


state 83

   29 beginendopts: LBEGIN begcmds beginblock . endbegin

    END       shift, and go to state 106
    CAPTION   shift, and go to state 107
    LABEL     shift, and go to state 108
    EXITVERB  shift, and go to state 109

    endbegin      go to state 110
    endtableopts  go to state 111
    labelrest     go to state 112


state 84

   49 beginblock: listblock .
   50 listblock: listblock . anitem

    LBEGIN  shift, and go to state 6
    ITEM    shift, and go to state 80

    $default  reduce using rule 49 (beginblock)

    beginendopts  go to state 113
    anitem        go to state 114


state 85

   51 listblock: anitem .

    $default  reduce using rule 51 (listblock)


state 86

   48 beginblock: entrylist .
   54 entrylist: entrylist . anentry

    LBEGIN  shift, and go to state 6
    WORD    shift, and go to state 9
    WS      shift, and go to state 10

    $default  reduce using rule 48 (beginblock)

    textoption    go to state 115
    wsorword      go to state 31
    beginendopts  go to state 116
    anentry       go to state 117
    entry         go to state 88


state 87

   55 entrylist: anentry .

    $default  reduce using rule 55 (entrylist)


state 88

   56 anentry: entry . DBLBS
   58 entry: entry . SPECCHAR textoption

    SPECCHAR  shift, and go to state 118
    DBLBS     shift, and go to state 119


state 89

    9 textoption: textoption . wsorword
   16 curlyboptions: RM textoption .

    WORD  shift, and go to state 9
    WS    shift, and go to state 10

    $default  reduce using rule 16 (curlyboptions)

    wsorword  go to state 74


state 90

    9 textoption: textoption . wsorword
   17 curlyboptions: IT textoption .

    WORD  shift, and go to state 9
    WS    shift, and go to state 10

    $default  reduce using rule 17 (curlyboptions)

    wsorword  go to state 74


state 91

   15 latexoptions: LCURLYB curlyboptions RCURLYB .

    $default  reduce using rule 15 (latexoptions)


state 92

    9 textoption: textoption . wsorword
   72 sectionoptions: SECTION LCURLYB textoption . RCURLYB

    RCURLYB  shift, and go to state 120
    WORD     shift, and go to state 9
    WS       shift, and go to state 10

    wsorword  go to state 74


state 93

    9 textoption: textoption . wsorword
   73 sectionoptions: SUBSEC LCURLYB textoption . RCURLYB

    RCURLYB  shift, and go to state 121
    WORD     shift, and go to state 9
    WS       shift, and go to state 10

    wsorword  go to state 74


state 94

   76 linespacing: RENEW LCURLYB BASELINES . RCURLYB LCURLYB WORD $@2 RCURLYB

    RCURLYB  shift, and go to state 122


state 95

   91 spacing: VSPACE LCURLYB WORD . $@4 RCURLYB

    $default  reduce using rule 90 ($@4)

    $@4  go to state 123


state 96

   93 spacing: HSPACE LCURLYB WORD . $@5 RCURLYB

    $default  reduce using rule 92 ($@5)

    $@5  go to state 124


state 97

  100 reference: REF LCURLYB WORD . RCURLYB

    RCURLYB  shift, and go to state 125


state 98

    3 enddoc: END DOCUMENT .

    $default  reduce using rule 3 (enddoc)


state 99

   84 pagenuminit: style1 LCURLYB WORD . $@3 RCURLYB

    $default  reduce using rule 83 ($@3)

    $@3  go to state 126


state 100

   62 begtabularopts: LCURLYB COLS . $@1 RCURLYB

    $default  reduce using rule 61 ($@1)

    $@1  go to state 127


state 101

   63 position: H .

    $default  reduce using rule 63 (position)


state 102

   64 position: T .

    $default  reduce using rule 64 (position)


state 103

   65 position: B .

    $default  reduce using rule 65 (position)


state 104

   60 begtableopts: LSQRB position . RSQRB

    RSQRB  shift, and go to state 128


state 105

    9 textoption: textoption . wsorword
   52 anitem: ITEM textoption .

    WORD  shift, and go to state 9
    WS    shift, and go to state 10

    $default  reduce using rule 52 (anitem)

    wsorword  go to state 74


state 106

   37 endbegin: END . endcmds
   66 endtableopts: END .

    CENTER     shift, and go to state 129
    VERBATIM   shift, and go to state 130
    SINGLE     shift, and go to state 131
    ITEMIZE    shift, and go to state 132
    ENUMERATE  shift, and go to state 133
    TABULAR    shift, and go to state 134

    $default  reduce using rule 66 (endtableopts)

    endcmds  go to state 135


state 107

   67 endtableopts: CAPTION . LCURLYB textoption RCURLYB captionrest

    LCURLYB  shift, and go to state 136


state 108

   71 labelrest: LABEL . LCURLYB WORD RCURLYB END

    LCURLYB  shift, and go to state 137


state 109

   39 endbegin: EXITVERB .

    $default  reduce using rule 39 (endbegin)


state 110

   29 beginendopts: LBEGIN begcmds beginblock endbegin .

    $default  reduce using rule 29 (beginendopts)


state 111

   38 endbegin: endtableopts . TABLE

    TABLE  shift, and go to state 138


state 112

   68 endtableopts: labelrest .

    $default  reduce using rule 68 (endtableopts)


state 113

   53 anitem: beginendopts .

    $default  reduce using rule 53 (anitem)


state 114

   50 listblock: listblock anitem .

    $default  reduce using rule 50 (listblock)


state 115

    9 textoption: textoption . wsorword
   59 entry: textoption .

    WORD  shift, and go to state 9
    WS    shift, and go to state 10

    $default  reduce using rule 59 (entry)

    wsorword  go to state 74


state 116

   57 anentry: beginendopts .

    $default  reduce using rule 57 (anentry)


state 117

   54 entrylist: entrylist anentry .

    $default  reduce using rule 54 (entrylist)


state 118

   58 entry: entry SPECCHAR . textoption

    WORD  shift, and go to state 9
    WS    shift, and go to state 10

    textoption  go to state 139
    wsorword    go to state 31


state 119

   56 anentry: entry DBLBS .

    $default  reduce using rule 56 (anentry)


state 120

   72 sectionoptions: SECTION LCURLYB textoption RCURLYB .

    $default  reduce using rule 72 (sectionoptions)


state 121

   73 sectionoptions: SUBSEC LCURLYB textoption RCURLYB .

    $default  reduce using rule 73 (sectionoptions)


state 122

   76 linespacing: RENEW LCURLYB BASELINES RCURLYB . LCURLYB WORD $@2 RCURLYB

    LCURLYB  shift, and go to state 140


state 123

   91 spacing: VSPACE LCURLYB WORD $@4 . RCURLYB

    RCURLYB  shift, and go to state 141


state 124

   93 spacing: HSPACE LCURLYB WORD $@5 . RCURLYB

    RCURLYB  shift, and go to state 142


state 125

  100 reference: REF LCURLYB WORD RCURLYB .

    $default  reduce using rule 100 (reference)


state 126

   84 pagenuminit: style1 LCURLYB WORD $@3 . RCURLYB

    RCURLYB  shift, and go to state 143


state 127

   62 begtabularopts: LCURLYB COLS $@1 . RCURLYB

    RCURLYB  shift, and go to state 144


state 128

   60 begtableopts: LSQRB position RSQRB .

    $default  reduce using rule 60 (begtableopts)


state 129

   40 endcmds: CENTER .

    $default  reduce using rule 40 (endcmds)


state 130

   41 endcmds: VERBATIM .

    $default  reduce using rule 41 (endcmds)


state 131

   42 endcmds: SINGLE .

    $default  reduce using rule 42 (endcmds)


state 132

   43 endcmds: ITEMIZE .

    $default  reduce using rule 43 (endcmds)


state 133

   44 endcmds: ENUMERATE .

    $default  reduce using rule 44 (endcmds)


state 134

   45 endcmds: TABULAR .

    $default  reduce using rule 45 (endcmds)


state 135

   37 endbegin: END endcmds .

    $default  reduce using rule 37 (endbegin)


state 136

   67 endtableopts: CAPTION LCURLYB . textoption RCURLYB captionrest

    WORD  shift, and go to state 9
    WS    shift, and go to state 10

    textoption  go to state 145
    wsorword    go to state 31


state 137

   71 labelrest: LABEL LCURLYB . WORD RCURLYB END

    WORD  shift, and go to state 146


state 138

   38 endbegin: endtableopts TABLE .

    $default  reduce using rule 38 (endbegin)


state 139

    9 textoption: textoption . wsorword
   58 entry: entry SPECCHAR textoption .

    WORD  shift, and go to state 9
    WS    shift, and go to state 10

    $default  reduce using rule 58 (entry)

    wsorword  go to state 74


state 140

   76 linespacing: RENEW LCURLYB BASELINES RCURLYB LCURLYB . WORD $@2 RCURLYB

    WORD  shift, and go to state 147


state 141

   91 spacing: VSPACE LCURLYB WORD $@4 RCURLYB .

    $default  reduce using rule 91 (spacing)


state 142

   93 spacing: HSPACE LCURLYB WORD $@5 RCURLYB .

    $default  reduce using rule 93 (spacing)


state 143

   84 pagenuminit: style1 LCURLYB WORD $@3 RCURLYB .

    $default  reduce using rule 84 (pagenuminit)


state 144

   62 begtabularopts: LCURLYB COLS $@1 RCURLYB .

    $default  reduce using rule 62 (begtabularopts)


state 145

    9 textoption: textoption . wsorword
   67 endtableopts: CAPTION LCURLYB textoption . RCURLYB captionrest

    RCURLYB  shift, and go to state 148
    WORD     shift, and go to state 9
    WS       shift, and go to state 10

    wsorword  go to state 74


state 146

   71 labelrest: LABEL LCURLYB WORD . RCURLYB END

    RCURLYB  shift, and go to state 149


state 147

   76 linespacing: RENEW LCURLYB BASELINES RCURLYB LCURLYB WORD . $@2 RCURLYB

    $default  reduce using rule 75 ($@2)

    $@2  go to state 150


state 148

   67 endtableopts: CAPTION LCURLYB textoption RCURLYB . captionrest

    END    shift, and go to state 151
    LABEL  shift, and go to state 108

    captionrest  go to state 152
    labelrest    go to state 153


state 149

   71 labelrest: LABEL LCURLYB WORD RCURLYB . END

    END  shift, and go to state 154


state 150

   76 linespacing: RENEW LCURLYB BASELINES RCURLYB LCURLYB WORD $@2 . RCURLYB

    RCURLYB  shift, and go to state 155


state 151

   69 captionrest: END .

    $default  reduce using rule 69 (captionrest)


state 152

   67 endtableopts: CAPTION LCURLYB textoption RCURLYB captionrest .

    $default  reduce using rule 67 (endtableopts)


state 153

   70 captionrest: labelrest .

    $default  reduce using rule 70 (captionrest)


state 154

   71 labelrest: LABEL LCURLYB WORD RCURLYB END .

    $default  reduce using rule 71 (labelrest)


state 155

   76 linespacing: RENEW LCURLYB BASELINES RCURLYB LCURLYB WORD $@2 RCURLYB .

    $default  reduce using rule 76 (linespacing)
